[0714/084816.970:ERROR:dxva_video_decode_accelerator_win.cc(1426)] DXVAVDA fatal error: Could not load mf.dll: The specified module could not be found. (0x7E)
[0714/084824.476:INFO:CONSOLE(0)] "Error with Permissions-Policy header: Unrecognized feature: 'ambient-light-sensor'.", source:  (0)
[0714/084824.476:INFO:CONSOLE(0)] "Error with Permissions-Policy header: Unrecognized feature: 'bluetooth'.", source:  (0)
[0714/084832.948:ERROR:audio_manager_base.cc(392)] Invalid audio output parameters received; using fake audio path: format: PCM_LINEAR, channel_layout: 0, channels: 0, sample_rate: 0, frames_per_buffer: 0, effects: 0, mic_positions: 
[0714/085122.882:INFO:CONSOLE(47)] "Uncaught (in promise) TypeError: Cannot read properties of undefined (reading 'aliceBaseKey')", source: https://web.whatsapp.com/app.cab989f5c25dd08ddd99.js (47)
[0714/085122.882:INFO:CONSOLE(47)] "Uncaught (in promise) TypeError: Cannot read properties of undefined (reading 'aliceBaseKey')", source: https://web.whatsapp.com/app.cab989f5c25dd08ddd99.js (47)
[0714/085122.882:INFO:CONSOLE(47)] "Uncaught (in promise) TypeError: Cannot read properties of undefined (reading 'aliceBaseKey')", source: https://web.whatsapp.com/app.cab989f5c25dd08ddd99.js (47)
[0714/085122.882:INFO:CONSOLE(47)] "Uncaught (in promise) TypeError: Cannot read properties of undefined (reading 'aliceBaseKey')", source: https://web.whatsapp.com/app.cab989f5c25dd08ddd99.js (47)
[0714/085122.882:INFO:CONSOLE(47)] "Uncaught (in promise) TypeError: Cannot read properties of undefined (reading 'aliceBaseKey')", source: https://web.whatsapp.com/app.cab989f5c25dd08ddd99.js (47)
[0714/085122.882:INFO:CONSOLE(47)] "Uncaught (in promise) TypeError: Cannot read properties of undefined (reading 'aliceBaseKey')", source: https://web.whatsapp.com/app.cab989f5c25dd08ddd99.js (47)
[0714/085122.883:INFO:CONSOLE(47)] "Uncaught (in promise) TypeError: Cannot read properties of undefined (reading 'aliceBaseKey')", source: https://web.whatsapp.com/app.cab989f5c25dd08ddd99.js (47)
[0714/085122.883:INFO:CONSOLE(47)] "Uncaught (in promise) TypeError: Cannot read properties of undefined (reading 'aliceBaseKey')", source: https://web.whatsapp.com/app.cab989f5c25dd08ddd99.js (47)
[0714/085122.883:INFO:CONSOLE(47)] "Uncaught (in promise) TypeError: Cannot read properties of undefined (reading 'aliceBaseKey')", source: https://web.whatsapp.com/app.cab989f5c25dd08ddd99.js (47)
[0714/085122.883:INFO:CONSOLE(47)] "Uncaught (in promise) TypeError: Cannot read properties of undefined (reading 'aliceBaseKey')", source: https://web.whatsapp.com/app.cab989f5c25dd08ddd99.js (47)
[0714/085122.883:INFO:CONSOLE(47)] "Uncaught (in promise) TypeError: Cannot read properties of undefined (reading 'aliceBaseKey')", source: https://web.whatsapp.com/app.cab989f5c25dd08ddd99.js (47)
[0714/085122.883:INFO:CONSOLE(47)] "Uncaught (in promise) TypeError: Cannot read properties of undefined (reading 'aliceBaseKey')", source: https://web.whatsapp.com/app.cab989f5c25dd08ddd99.js (47)
[0714/085122.883:INFO:CONSOLE(47)] "Uncaught (in promise) TypeError: Cannot read properties of undefined (reading 'aliceBaseKey')", source: https://web.whatsapp.com/app.cab989f5c25dd08ddd99.js (47)
[0714/085122.884:INFO:CONSOLE(47)] "Uncaught (in promise) TypeError: Cannot read properties of undefined (reading 'aliceBaseKey')", source: https://web.whatsapp.com/app.cab989f5c25dd08ddd99.js (47)
[0714/085123.006:INFO:CONSOLE(47)] "Uncaught (in promise) TypeError: Cannot read properties of undefined (reading 'aliceBaseKey')", source: https://web.whatsapp.com/app.cab989f5c25dd08ddd99.js (47)
[0714/085123.009:INFO:CONSOLE(47)] "Uncaught (in promise) TypeError: Cannot read properties of undefined (reading 'aliceBaseKey')", source: https://web.whatsapp.com/app.cab989f5c25dd08ddd99.js (47)
[0714/085123.013:INFO:CONSOLE(47)] "Uncaught (in promise) TypeError: Cannot read properties of undefined (reading 'aliceBaseKey')", source: https://web.whatsapp.com/app.cab989f5c25dd08ddd99.js (47)
[0714/085123.013:INFO:CONSOLE(47)] "Uncaught (in promise) TypeError: Cannot read properties of undefined (reading 'aliceBaseKey')", source: https://web.whatsapp.com/app.cab989f5c25dd08ddd99.js (47)
[0714/085123.013:INFO:CONSOLE(47)] "Uncaught (in promise) TypeError: Cannot read properties of undefined (reading 'aliceBaseKey')", source: https://web.whatsapp.com/app.cab989f5c25dd08ddd99.js (47)
[0714/085123.013:INFO:CONSOLE(47)] "Uncaught (in promise) TypeError: Cannot read properties of undefined (reading 'aliceBaseKey')", source: https://web.whatsapp.com/app.cab989f5c25dd08ddd99.js (47)
[0714/085123.013:INFO:CONSOLE(47)] "Uncaught (in promise) TypeError: Cannot read properties of undefined (reading 'aliceBaseKey')", source: https://web.whatsapp.com/app.cab989f5c25dd08ddd99.js (47)
[0714/085123.013:INFO:CONSOLE(47)] "Uncaught (in promise) TypeError: Cannot read properties of undefined (reading 'aliceBaseKey')", source: https://web.whatsapp.com/app.cab989f5c25dd08ddd99.js (47)
[0714/085123.014:INFO:CONSOLE(47)] "Uncaught (in promise) TypeError: Cannot read properties of undefined (reading 'aliceBaseKey')", source: https://web.whatsapp.com/app.cab989f5c25dd08ddd99.js (47)
[0714/085123.014:INFO:CONSOLE(47)] "Uncaught (in promise) TypeError: Cannot read properties of undefined (reading 'aliceBaseKey')", source: https://web.whatsapp.com/app.cab989f5c25dd08ddd99.js (47)
[0714/085123.014:INFO:CONSOLE(47)] "Uncaught (in promise) TypeError: Cannot read properties of undefined (reading 'aliceBaseKey')", source: https://web.whatsapp.com/app.cab989f5c25dd08ddd99.js (47)
[0714/085123.014:INFO:CONSOLE(47)] "Uncaught (in promise) TypeError: Cannot read properties of undefined (reading 'aliceBaseKey')", source: https://web.whatsapp.com/app.cab989f5c25dd08ddd99.js (47)
